[GIN-debug] [WARNING] Creating an Engine instance with the Logger and Recovery middleware already attached.

[GIN-debug] [WARNING] Running in "debug" mode. Switch to "release" mode in production.
 - using env:	export GIN_MODE=release
 - using code:	gin.SetMode(gin.ReleaseMode)

[GIN-debug] GET    /css/*filepath            --> github.com/gin-gonic/gin.(*RouterGroup).createStaticHandler.func1 (5 handlers)
[GIN-debug] HEAD   /css/*filepath            --> github.com/gin-gonic/gin.(*RouterGroup).createStaticHandler.func1 (5 handlers)
[GIN-debug] Loaded HTML Templates (4): 
	- 
	- footer.html
	- header.html
	- index.html

[GIN-debug] POST   /login                    --> main.main.func1 (5 handlers)
[GIN-debug] GET    /api/videos               --> main.main.func2 (6 handlers)
[GIN-debug] POST   /api/videos               --> main.main.func3 (6 handlers)
[GIN-debug] GET    /view/videos              --> awesomeProject/controller.VideController.ShowAll-fm (5 handlers)
[GIN-debug] [WARNING] You trusted all proxies, this is NOT safe. We recommend you to set a value.
Please check https://pkg.go.dev/github.com/gin-gonic/gin#readme-don-t-trust-all-proxies for details.
[GIN-debug] Listening and serving HTTP on :8080
[GIN] 2022/07/24 - 13:33:35 | 500 |     19.8025ms |             ::1 | GET      "/api/videos"
[GIN] 2022/07/24 - 13:33:45 | 500 |     28.0707ms |             ::1 | GET      "/api/videos"
